<?xml version="1.0" encoding="UTF-8"?>
<testng-results skipped="0" failed="0" ignored="0" total="1" passed="1">
  <reporter-output>
  </reporter-output>
  <suite name="Default suite" duration-ms="19880" started-at="2020-05-26T15:58:09 IST" finished-at="2020-05-26T15:58:29 IST">
    <groups>
    </groups>
    <test name="Default test" duration-ms="19880" started-at="2020-05-26T15:58:09 IST" finished-at="2020-05-26T15:58:29 IST">
      <class name="DevOps.NewTest">
        <test-method status="PASS" signature="beforeTest()[pri:0, instance:DevOps.NewTest@5c5a1b69]" name="beforeTest" is-config="true" duration-ms="7060" started-at="2020-05-26T15:58:09 IST" finished-at="2020-05-26T15:58:16 IST">
          <reporter-output>
          </reporter-output>
        </test-method> <!-- beforeTest -->
        <test-method status="PASS" signature="mainTest()[pri:0, instance:DevOps.NewTest@5c5a1b69]" name="mainTest" duration-ms="9382" started-at="2020-05-26T15:58:16 IST" finished-at="2020-05-26T15:58:26 IST">
          <reporter-output>
          </reporter-output>
        </test-method> <!-- mainTest -->
        <test-method status="PASS" signature="afterTest()[pri:0, instance:DevOps.NewTest@5c5a1b69]" name="afterTest" is-config="true" duration-ms="3371" started-at="2020-05-26T15:58:26 IST" finished-at="2020-05-26T15:58:29 IST">
          <reporter-output>
          </reporter-output>
        </test-method> <!-- afterTest -->
      </class> <!-- DevOps.NewTest -->
    </test> <!-- Default test -->
  </suite> <!-- Default suite -->
</testng-results>
