<?xml version="1.0" encoding="UTF-8"?>
<testsuite name="TestSuite" time="97.573" tests="10" errors="0" skipped="2" failures="2">
  <properties>
[...]
</properties>
  <testcase name="mainTest" classname="DevOps.Login" time="48.788"/>
  <testcase name="search" classname="DevOps.Login" time="24.797"/>
  <testcase name="womenDress" classname="DevOps.Login" time="5.332">
    <failure message="expected [T-shirts - My Store] but found [T-shirts1 - My Store]" type="java.lang.AssertionError">java.lang.AssertionError: expected [T-shirts - My Store] but found [T-shirts1 - My Store]
	at org.testng.Assert.fail(Assert.java:97)
	at org.testng.Assert.assertEqualsImpl(Assert.java:136)
	at org.testng.Assert.assertEquals(Assert.java:118)
	at org.testng.Assert.assertEquals(Assert.java:575)
	at org.testng.Assert.assertEquals(Assert.java:585)
	at DevOps.Login.womenDress(Login.java:50)
</failure>
  </testcase>
  <testcase name="dresses" classname="DevOps.Login" time="0">
    <skipped/>
  </testcase>
  <testcase name="home" classname="DevOps.Login" time="0">
    <skipped/>
  </testcase>
  <testcase name="redirect" classname="DevOps.Login" time="2.197"/>
  <testcase name="home1" classname="DevOps.Login" time="3.652"/>
  <testcase name="women" classname="DevOps.Login" time="2.503"/>
  <testcase name="dresses1" classname="DevOps.Login" time="7.054">
    <failure message="element not interactable&#10;  (Session info: chrome=83.0.4103.61)&#10;Build info: version: &apos;3.141.59&apos;, revision: &apos;e82be7d358&apos;, time: &apos;2018-11-14T08:17:03&apos;&#10;System info: host: &apos;LAPTOP-NQLJL8JJ&apos;, ip: &apos;192.168.56.1&apos;, os.name: &apos;Windows 10&apos;, os.arch: &apos;amd64&apos;, os.version: &apos;10.0&apos;, java.version: &apos;1.8.0_211&apos;&#10;Driver info: org.openqa.selenium.chrome.ChromeDriver&#10;Capabilities {acceptInsecureCerts: false, browserName: chrome, browserVersion: 83.0.4103.61, chrome: {chromedriverVersion: 83.0.4103.39 (ccbf011cb2d2b..., userDataDir: C:\WINDOWS\TEMP\scoped_dir1...}, goog:chromeOptions: {debuggerAddress: localhost:61891}, javascriptEnabled: true, networkConnectionEnabled: false, pageLoadStrategy: normal, platform: WINDOWS, platformName: WINDOWS, proxy: Proxy(), setWindowRect: true, strictFileInteractability: false, timeouts: {implicit: 0, pageLoad: 300000, script: 30000}, unhandledPromptBehavior: dismiss and notify, webauthn:virtualAuthenticators: true}&#10;Session ID: 7f590cf0cb9159d77c4222921e85323c" type="org.openqa.selenium.ElementNotInteractableException">org.openqa.selenium.ElementNotInteractableException: element not interactable
  (Session info: chrome=83.0.4103.61)
Build info: version: '3.141.59', revision: 'e82be7d358', time: '2018-11-14T08:17:03'
System info: host: 'LAPTOP-NQLJL8JJ', ip: '192.168.56.1', os.name: 'Windows 10', os.arch: 'amd64', os.version: '10.0', java.version: '1.8.0_211'
Driver info: org.openqa.selenium.chrome.ChromeDriver
Capabilities {acceptInsecureCerts: false, browserName: chrome, browserVersion: 83.0.4103.61, chrome: {chromedriverVersion: 83.0.4103.39 (ccbf011cb2d2b..., userDataDir: C:\WINDOWS\TEMP\scoped_dir1...}, goog:chromeOptions: {debuggerAddress: localhost:61891}, javascriptEnabled: true, networkConnectionEnabled: false, pageLoadStrategy: normal, platform: WINDOWS, platformName: WINDOWS, proxy: Proxy(), setWindowRect: true, strictFileInteractability: false, timeouts: {implicit: 0, pageLoad: 300000, script: 30000}, unhandledPromptBehavior: dismiss and notify, webauthn:virtualAuthenticators: true}
Session ID: 7f590cf0cb9159d77c4222921e85323c
	at sun.reflect.NativeConstructorAccessorImpl.newInstance0(Native Method)
	at sun.reflect.NativeConstructorAccessorImpl.newInstance(NativeConstructorAccessorImpl.java:62)
	at sun.reflect.DelegatingConstructorAccessorImpl.newInstance(DelegatingConstructorAccessorImpl.java:45)
	at java.lang.reflect.Constructor.newInstance(Constructor.java:423)
	at org.openqa.selenium.remote.http.W3CHttpResponseCodec.createException(W3CHttpResponseCodec.java:187)
	at org.openqa.selenium.remote.http.W3CHttpResponseCodec.decode(W3CHttpResponseCodec.java:122)
	at org.openqa.selenium.remote.http.W3CHttpResponseCodec.decode(W3CHttpResponseCodec.java:49)
	at org.openqa.selenium.remote.HttpCommandExecutor.execute(HttpCommandExecutor.java:158)
	at org.openqa.selenium.remote.service.DriverCommandExecutor.execute(DriverCommandExecutor.java:83)
	at org.openqa.selenium.remote.RemoteWebDriver.execute(RemoteWebDriver.java:552)
	at org.openqa.selenium.remote.RemoteWebElement.execute(RemoteWebElement.java:285)
	at org.openqa.selenium.remote.RemoteWebElement.click(RemoteWebElement.java:84)
	at DevOps.Login.dresses1(Login.java:93)
</failure>
  </testcase>
  <testcase name="home2" classname="DevOps.Login" time="3.25"/>
</testsuite>